/*C12*/SET SCHEMA PUBLIC
drop table if exists person CASCADE 
drop table if exists person_roles CASCADE 
drop table if exists xgroup CASCADE 
drop sequence hibernate_sequence if exists
create sequence hibernate_sequence start with 1 increment by 1
create table person (id bigint not null, birthday date, email varchar(200) not null, first_name varchar(200) not null, last_name varchar(200) not null, password varchar(200) not null, reset_password_token varchar(255), web_site varchar(255), xgroup bigint, primary key (id))
create table person_roles (person_id bigint not null, roles varchar(255))
create table xgroup (id bigint not null, name varchar(200) not null, primary key (id))
alter table person add constraint UK_fwmwi44u55bo4rvwsv0cln012 unique (email)
alter table xgroup add constraint UK_s42j59jhtjk9058nffv32k3bo unique (name)
alter table person add constraint FKglf01vrvdfsqhoxr9oats5a42 foreign key (xgroup) references xgroup
alter table person_roles add constraint FKs955luj19xyjwi3s1omo1pgh4 foreign key (person_id) references person
INSERT INTO XGROUP VALUES(1,'g1')
ALTER SEQUENCE PUBLIC.HIBERNATE_SEQUENCE RESTART WITH 2
COMMIT
INSERT INTO XGROUP VALUES(2,'g2')
ALTER SEQUENCE PUBLIC.HIBERNATE_SEQUENCE RESTART WITH 3
COMMIT
INSERT INTO PERSON VALUES(3,'3900-06-08','houasyoussef@gmail.com','youssef','HAOUES','pass1',NULL,NULL,NULL)
INSERT INTO PERSON_ROLES VALUES(3,'USER')
ALTER SEQUENCE PUBLIC.HIBERNATE_SEQUENCE RESTART WITH 4
COMMIT
INSERT INTO PERSON VALUES(4,'3900-01-05','abdel.youssef.JEE@gmail.com','abdel','BENS','pass2',NULL,NULL,NULL)
INSERT INTO PERSON_ROLES VALUES(4,'USER')
ALTER SEQUENCE PUBLIC.HIBERNATE_SEQUENCE RESTART WITH 5
COMMIT
INSERT INTO PERSON VALUES(5,'3900-06-08','User_1@gmail.com','User_1','User_1','User_1',NULL,NULL,NULL)
INSERT INTO PERSON_ROLES VALUES(5,'USER')
ALTER SEQUENCE PUBLIC.HIBERNATE_SEQUENCE RESTART WITH 6
COMMIT
INSERT INTO PERSON VALUES(6,'3900-06-08','User_2@gmail.com','User_2','User_2','User_2',NULL,NULL,NULL)
INSERT INTO PERSON_ROLES VALUES(6,'USER')
ALTER SEQUENCE PUBLIC.HIBERNATE_SEQUENCE RESTART WITH 7
COMMIT
INSERT INTO PERSON VALUES(7,'3900-06-08','User_3@gmail.com','User_3','User_3','User_3',NULL,NULL,NULL)
INSERT INTO PERSON_ROLES VALUES(7,'USER')
ALTER SEQUENCE PUBLIC.HIBERNATE_SEQUENCE RESTART WITH 8
COMMIT
INSERT INTO PERSON VALUES(8,'3900-06-08','User_4@gmail.com','User_4','User_4','User_4',NULL,NULL,NULL)
INSERT INTO PERSON_ROLES VALUES(8,'USER')
ALTER SEQUENCE PUBLIC.HIBERNATE_SEQUENCE RESTART WITH 9
COMMIT
INSERT INTO PERSON VALUES(9,'3900-06-08','User_5@gmail.com','User_5','User_5','User_5',NULL,NULL,NULL)
INSERT INTO PERSON_ROLES VALUES(9,'USER')
ALTER SEQUENCE PUBLIC.HIBERNATE_SEQUENCE RESTART WITH 10
COMMIT
INSERT INTO PERSON VALUES(10,'3900-06-08','User_6@gmail.com','User_6','User_6','User_6',NULL,NULL,NULL)
INSERT INTO PERSON_ROLES VALUES(10,'USER')
ALTER SEQUENCE PUBLIC.HIBERNATE_SEQUENCE RESTART WITH 11
COMMIT
INSERT INTO PERSON VALUES(11,'3900-06-08','User_7@gmail.com','User_7','User_7','User_7',NULL,NULL,NULL)
INSERT INTO PERSON_ROLES VALUES(11,'USER')
ALTER SEQUENCE PUBLIC.HIBERNATE_SEQUENCE RESTART WITH 12
COMMIT
INSERT INTO PERSON VALUES(12,'3900-06-08','User_8@gmail.com','User_8','User_8','User_8',NULL,NULL,NULL)
INSERT INTO PERSON_ROLES VALUES(12,'USER')
ALTER SEQUENCE PUBLIC.HIBERNATE_SEQUENCE RESTART WITH 13
COMMIT
INSERT INTO PERSON VALUES(13,'3900-06-08','User_9@gmail.com','User_9','User_9','User_9',NULL,NULL,NULL)
INSERT INTO PERSON_ROLES VALUES(13,'USER')
ALTER SEQUENCE PUBLIC.HIBERNATE_SEQUENCE RESTART WITH 14
COMMIT
INSERT INTO PERSON VALUES(14,'3900-06-08','User_10@gmail.com','User_10','User_10','User_10',NULL,NULL,NULL)
INSERT INTO PERSON_ROLES VALUES(14,'USER')
ALTER SEQUENCE PUBLIC.HIBERNATE_SEQUENCE RESTART WITH 15
COMMIT
INSERT INTO PERSON VALUES(15,'3900-06-08','User_11@gmail.com','User_11','User_11','User_11',NULL,NULL,NULL)
INSERT INTO PERSON_ROLES VALUES(15,'USER')
ALTER SEQUENCE PUBLIC.HIBERNATE_SEQUENCE RESTART WITH 16
COMMIT
INSERT INTO XGROUP VALUES(16,'g14')
ALTER SEQUENCE PUBLIC.HIBERNATE_SEQUENCE RESTART WITH 17
COMMIT
INSERT INTO PERSON VALUES(17,'1910-11-21','admin@gmail.com','aaa','aaa','$2a$10$kaKBA/hCJ00BPnmIAQ9pkOVJ3DZTyZB0YILWk8mu2hNFkm.L6XlqG',NULL,'aaa',NULL)
INSERT INTO PERSON_ROLES VALUES(17,'USER')
INSERT INTO PERSON_ROLES VALUES(17,'ADMIN')
ALTER SEQUENCE PUBLIC.HIBERNATE_SEQUENCE RESTART WITH 18
COMMIT
INSERT INTO PERSON VALUES(18,NULL,'user@gmail.com','user@gmail.com','user@gmail.com','$2a$10$zyEELO3f0qsUbNWDb/9jnekJ8bRckpDuGqxkgU2J8DFfE5sZ0JCyu',NULL,'user@gmail.com',16)
INSERT INTO PERSON_ROLES VALUES(18,'USER')
ALTER SEQUENCE PUBLIC.HIBERNATE_SEQUENCE RESTART WITH 19
COMMIT
DELETE FROM PERSON WHERE ID=3
INSERT INTO PERSON VALUES(3,'3900-06-08','houasyoussef@gmail.com','youssefgfhfg','HAOUES','pass1',NULL,'',NULL)
COMMIT
DELETE FROM PERSON WHERE ID=3
INSERT INTO PERSON VALUES(3,'3900-06-08','houasyoussef@gmail.com','youssefgh','HAOUES','pass1',NULL,'',NULL)
COMMIT
DELETE FROM PERSON WHERE ID=3
INSERT INTO PERSON VALUES(3,'2000-06-08','houasyoussef@gmail.com','youssefgh','HAOUES','pass1',NULL,'www.free.fr',NULL)
COMMIT
DELETE FROM PERSON WHERE ID=17
INSERT INTO PERSON VALUES(17,'1910-11-21','admin@gmail.com','aaaAAAA','aaa','admin',NULL,'aaa',NULL)
COMMIT
DELETE FROM PERSON WHERE ID=17
INSERT INTO PERSON VALUES(17,'1910-11-21','admin@gmail.com','aaaAAAA','aaa','admin',NULL,'www.free.fr',NULL)
COMMIT
/*C13*/SET SCHEMA PUBLIC
DISCONNECT
/*C12*/DISCONNECT
/*C19*/SET SCHEMA PUBLIC
DISCONNECT
/*C18*/SET SCHEMA PUBLIC
DISCONNECT
/*C14*/SET SCHEMA PUBLIC
DISCONNECT
/*C20*/SET SCHEMA PUBLIC
DISCONNECT
/*C21*/SET SCHEMA PUBLIC
DISCONNECT
/*C16*/SET SCHEMA PUBLIC
DISCONNECT
/*C15*/SET SCHEMA PUBLIC
DISCONNECT
/*C17*/SET SCHEMA PUBLIC
DISCONNECT
/*C22*/SET SCHEMA PUBLIC
DELETE FROM PERSON WHERE ID=4
INSERT INTO PERSON VALUES(4,'3900-01-05','abdel.youssef.JEE@gmail.com','abdel','BENS','pass2','STfA7UcoFQymS7CmHYF5TRumWm2cy1',NULL,NULL)
COMMIT
DELETE FROM PERSON WHERE ID=4
INSERT INTO PERSON VALUES(4,'3900-01-05','abdel.youssef.JEE@gmail.com','abdel','BENS','$2a$10$sDt2W5VPu3diqjOS/NMCuO9Gh5z.VlVICzkDDgHXJMKinBhKZeoU2',NULL,NULL,NULL)
COMMIT
drop table if exists person CASCADE 
drop table if exists person_roles CASCADE 
drop table if exists xgroup CASCADE 
drop sequence hibernate_sequence if exists
DISCONNECT
/*C23*/SET SCHEMA PUBLIC
DISCONNECT
/*C24*/SET SCHEMA PUBLIC
DISCONNECT
/*C25*/SET SCHEMA PUBLIC
DISCONNECT
/*C26*/SET SCHEMA PUBLIC
DISCONNECT
/*C27*/SET SCHEMA PUBLIC
DISCONNECT
/*C28*/SET SCHEMA PUBLIC
DISCONNECT
/*C29*/SET SCHEMA PUBLIC
DISCONNECT
/*C30*/SET SCHEMA PUBLIC
DISCONNECT
/*C31*/SET SCHEMA PUBLIC
DISCONNECT
